Using pre-set license
Built from '2020.2/release' branch; Version is '2020.2.1f1 (270dd8c3da1c) revision 2559448'; Using compiler version '192528614'; Build Type 'Release'
OS: 'Windows 10  (10.0.0) 64bit' Language: 'pt' Physical Memory: 16332 MB
BatchMode: 1, IsHumanControllingUs: 0, StartBugReporterOnCrash: 0, Is64bit: 1, IsPro: 0

 COMMAND LINE ARGUMENTS:
C:\Program Files\Unity\Hub\Editor\2020.2.1f1\Editor\Unity.exe
-adb2
-batchMode
-noUpm
-name
AssetImportWorker0
-projectPath
C:/Users/Windows/Desktop/FaceDetectFlipBird
-logFile
Logs/AssetImportWorker0.log
-srvPort
53692
Successfully changed project path to: C:/Users/Windows/Desktop/FaceDetectFlipBird
C:/Users/Windows/Desktop/FaceDetectFlipBird
Using Asset Import Pipeline V2.
Refreshing native plugins compatible for Editor in 43.48 ms, found 1 plugins.
Preloading 0 native plugins for Editor in 0.00 ms.
Initialize engine version: 2020.2.1f1 (270dd8c3da1c)
[Subsystems] Discovering subsystems at path C:/Program Files/Unity/Hub/Editor/2020.2.1f1/Editor/Data/Resources/UnitySubsystems
[Subsystems] Discovering subsystems at path C:/Users/Windows/Desktop/FaceDetectFlipBird/Assets
GfxDevice: creating device client; threaded=0
Direct3D:
    Version:  Direct3D 11.0 [level 11.1]
    Renderer: Radeon RX 580 Series (ID=0x67df)
    Vendor:   
    VRAM:     8171 MB
    Driver:   27.20.15003.1004
Initialize mono
Mono path[0] = 'C:/Program Files/Unity/Hub/Editor/2020.2.1f1/Editor/Data/Managed'
Mono path[1] = 'C:/Program Files/Unity/Hub/Editor/2020.2.1f1/Editor/Data/MonoBleedingEdge/lib/mono/unityjit'
Mono config path = 'C:/Program Files/Unity/Hub/Editor/2020.2.1f1/Editor/Data/MonoBleedingEdge/etc'
Using monoOptions --debugger-agent=transport=dt_socket,embedding=1,server=y,suspend=n,address=127.0.0.1:56200
Begin MonoManager ReloadAssembly
Registering precompiled unity dll's ...
Register platform support module: C:/Program Files/Unity/Hub/Editor/2020.2.1f1/Editor/Data/PlaybackEngines/WebGLSupport/UnityEditor.WebGL.Extensions.dll
Register platform support module: C:/Program Files/Unity/Hub/Editor/2020.2.1f1/Editor/Data/PlaybackEngines/MacStandaloneSupport/UnityEditor.OSXStandalone.Extensions.dll
Register platform support module: C:/Program Files/Unity/Hub/Editor/2020.2.1f1/Editor/Data/PlaybackEngines/WindowsStandaloneSupport/UnityEditor.WindowsStandalone.Extensions.dll
Register platform support module: C:/Program Files/Unity/Hub/Editor/2020.2.1f1/Editor/Data/PlaybackEngines/LinuxStandaloneSupport/UnityEditor.LinuxStandalone.Extensions.dll
Registered in 0.003319 seconds.
Native extension for LinuxStandalone target not found
Native extension for WindowsStandalone target not found
Native extension for OSXStandalone target not found
Native extension for WebGL target not found
Refreshing native plugins compatible for Editor in 33.85 ms, found 1 plugins.
Preloading 0 native plugins for Editor in 0.00 ms.
Invoked RoslynAnalysisRunner static constructor.
RoslynAnalysisRunner will not be running.
RoslynAnalysisRunner has terminated.
Mono: successfully reloaded assembly
- Completed reload, in  2.065 seconds
Platform modules already initialized, skipping
Registering precompiled user dll's ...
Registered in 0.001239 seconds.
Begin MonoManager ReloadAssembly
Native extension for LinuxStandalone target not found
Native extension for WindowsStandalone target not found
Native extension for OSXStandalone target not found
Native extension for WebGL target not found
Refreshing native plugins compatible for Editor in 0.47 ms, found 1 plugins.
Preloading 0 native plugins for Editor in 0.00 ms.
Invoked RoslynAnalysisRunner static constructor.
RoslynAnalysisRunner will not be running.
RoslynAnalysisRunner has terminated.
Mono: successfully reloaded assembly
- Completed reload, in  0.920 seconds
Platform modules already initialized, skipping
========================================================================
Worker process is ready to serve import requests
Launched and connected shader compiler UnityShaderCompiler.exe after 0.04 seconds
Refreshing native plugins compatible for Editor in 0.39 ms, found 1 plugins.
Preloading 0 native plugins for Editor in 0.00 ms.
Unloading 1522 Unused Serialized files (Serialized files now loaded: 0)
System memory in use before: 69.5 MB.
System memory in use after: 69.6 MB.

Unloading 15 unused Assets to reduce memory usage. Loaded Objects now: 1959.
Total: 1.966300 ms (FindLiveObjects: 0.275100 ms CreateObjectMapping: 0.058300 ms MarkObjects: 1.578900 ms  DeleteObjects: 0.052600 ms)

========================================================================
Received Import Request.
  path: Assets/Mobile - Flappy Bird - Version 12 Sprites.png
  artifactKey: Guid(34aa2002c8652cc47b836370508bdf1b) Importer(815301076,1909f56bfc062723c751e8b465ee728b)
Start importing Assets/Mobile - Flappy Bird - Version 12 Sprites.png using Guid(34aa2002c8652cc47b836370508bdf1b) Importer(815301076,1909f56bfc062723c751e8b465ee728b)  -> (artifact id: '0badc1b11a086ed92d3b81568272c6a5') in 0.195387 seconds
  Import took 0.198217 seconds .

========================================================================
Received Import Request.
  Time since last request: 0.000444 seconds.
  path: Assets/PIPE.prefab
  artifactKey: Guid(b5b99f887b64dce448606f6f5306e9af) Importer(815301076,1909f56bfc062723c751e8b465ee728b)
Start importing Assets/PIPE.prefab using Guid(b5b99f887b64dce448606f6f5306e9af) Importer(815301076,1909f56bfc062723c751e8b465ee728b)  -> (artifact id: '1219881ccf6c7e68ee3122d884160577') in 0.054786 seconds
  Import took 0.057528 seconds .

========================================================================
Received Import Request.
  Time since last request: 0.000217 seconds.
  path: Assets/camera.mat
  artifactKey: Guid(ac452f3b533b462498327863220282e3) Importer(815301076,1909f56bfc062723c751e8b465ee728b)
Start importing Assets/camera.mat using Guid(ac452f3b533b462498327863220282e3) Importer(815301076,1909f56bfc062723c751e8b465ee728b)  -> (artifact id: '6eef23bf904a1195a1ca6b31fb7be158') in 0.042531 seconds
  Import took 0.045280 seconds .

========================================================================
Received Prepare
Registering precompiled user dll's ...
Registered in 0.001376 seconds.
Begin MonoManager ReloadAssembly
Native extension for LinuxStandalone target not found
Native extension for WindowsStandalone target not found
Native extension for OSXStandalone target not found
Native extension for WebGL target not found
Refreshing native plugins compatible for Editor in 0.36 ms, found 1 plugins.
Preloading 0 native plugins for Editor in 0.00 ms.
Invoked RoslynAnalysisRunner static constructor.
RoslynAnalysisRunner will not be running.
RoslynAnalysisRunner has terminated.
Mono: successfully reloaded assembly
- Completed reload, in  0.937 seconds
Platform modules already initialized, skipping
Refreshing native plugins compatible for Editor in 0.44 ms, found 1 plugins.
Preloading 0 native plugins for Editor in 0.00 ms.
Unloading 1517 Unused Serialized files (Serialized files now loaded: 0)
System memory in use before: 73.1 MB.
System memory in use after: 73.2 MB.

Unloading 10 unused Assets to reduce memory usage. Loaded Objects now: 2018.
Total: 2.103800 ms (FindLiveObjects: 0.275000 ms CreateObjectMapping: 0.042200 ms MarkObjects: 1.764700 ms  DeleteObjects: 0.020300 ms)

========================================================================
Received Prepare
Registering precompiled user dll's ...
Registered in 0.001215 seconds.
Begin MonoManager ReloadAssembly
Native extension for LinuxStandalone target not found
Native extension for WindowsStandalone target not found
Native extension for OSXStandalone target not found
Native extension for WebGL target not found
Refreshing native plugins compatible for Editor in 0.36 ms, found 1 plugins.
Preloading 0 native plugins for Editor in 0.00 ms.
Invoked RoslynAnalysisRunner static constructor.
RoslynAnalysisRunner will not be running.
RoslynAnalysisRunner has terminated.
Mono: successfully reloaded assembly
- Completed reload, in  0.919 seconds
Platform modules already initialized, skipping
Refreshing native plugins compatible for Editor in 0.35 ms, found 1 plugins.
Preloading 0 native plugins for Editor in 0.00 ms.
Unloading 1517 Unused Serialized files (Serialized files now loaded: 0)
System memory in use before: 73.3 MB.
System memory in use after: 73.4 MB.

Unloading 10 unused Assets to reduce memory usage. Loaded Objects now: 2020.
Total: 2.148900 ms (FindLiveObjects: 0.270400 ms CreateObjectMapping: 0.054600 ms MarkObjects: 1.803300 ms  DeleteObjects: 0.019000 ms)

========================================================================
Received Prepare
Registering precompiled user dll's ...
Registered in 0.001199 seconds.
Begin MonoManager ReloadAssembly
Native extension for LinuxStandalone target not found
Native extension for WindowsStandalone target not found
Native extension for OSXStandalone target not found
Native extension for WebGL target not found
Refreshing native plugins compatible for Editor in 0.40 ms, found 1 plugins.
Preloading 0 native plugins for Editor in 0.00 ms.
Invoked RoslynAnalysisRunner static constructor.
RoslynAnalysisRunner will not be running.
RoslynAnalysisRunner has terminated.
Mono: successfully reloaded assembly
- Completed reload, in  0.944 seconds
Platform modules already initialized, skipping
Refreshing native plugins compatible for Editor in 0.37 ms, found 1 plugins.
Preloading 0 native plugins for Editor in 0.00 ms.
Unloading 1517 Unused Serialized files (Serialized files now loaded: 0)
System memory in use before: 73.5 MB.
System memory in use after: 73.6 MB.

Unloading 10 unused Assets to reduce memory usage. Loaded Objects now: 2022.
Total: 2.381100 ms (FindLiveObjects: 0.338300 ms CreateObjectMapping: 0.067500 ms MarkObjects: 1.946400 ms  DeleteObjects: 0.026800 ms)

========================================================================
Received Import Request.
  Time since last request: 327.892334 seconds.
  path: Assets/PIPE.prefab
  artifactKey: Guid(b5b99f887b64dce448606f6f5306e9af) Importer(815301076,1909f56bfc062723c751e8b465ee728b)
Start importing Assets/PIPE.prefab using Guid(b5b99f887b64dce448606f6f5306e9af) Importer(815301076,1909f56bfc062723c751e8b465ee728b)  -> (artifact id: '7827fa16417a4d4ed718a1f74ed66700') in 0.063078 seconds
  Import took 0.066000 seconds .

========================================================================
Received Import Request.
  Time since last request: 0.000223 seconds.
  path: ProjectSettings/TagManager.asset
  artifactKey: Guid(00000000000000003000000000000000) Importer(815301076,1909f56bfc062723c751e8b465ee728b)
Start importing ProjectSettings/TagManager.asset using Guid(00000000000000003000000000000000) Importer(815301076,1909f56bfc062723c751e8b465ee728b)  -> (artifact id: '2a276bfe1a8cbeea2c89852a4ad7a997') in 0.009554 seconds
  Import took 0.012580 seconds .

========================================================================
Received Import Request.
  Time since last request: 12.939559 seconds.
  path: ProjectSettings/TagManager.asset
  artifactKey: Guid(00000000000000003000000000000000) Importer(815301076,1909f56bfc062723c751e8b465ee728b)
Start importing ProjectSettings/TagManager.asset using Guid(00000000000000003000000000000000) Importer(815301076,1909f56bfc062723c751e8b465ee728b)  -> (artifact id: '5151b91d1ec4f8b18bd9477d20fc571e') in 0.002834 seconds
  Import took 0.005510 seconds .

========================================================================
Received Prepare
Registering precompiled user dll's ...
Registered in 0.001172 seconds.
Begin MonoManager ReloadAssembly
Native extension for LinuxStandalone target not found
Native extension for WindowsStandalone target not found
Native extension for OSXStandalone target not found
Native extension for WebGL target not found
Refreshing native plugins compatible for Editor in 0.42 ms, found 1 plugins.
Preloading 0 native plugins for Editor in 0.00 ms.
Invoked RoslynAnalysisRunner static constructor.
RoslynAnalysisRunner will not be running.
RoslynAnalysisRunner has terminated.
Mono: successfully reloaded assembly
- Completed reload, in  0.889 seconds
Platform modules already initialized, skipping
Refreshing native plugins compatible for Editor in 0.56 ms, found 1 plugins.
Preloading 0 native plugins for Editor in 0.00 ms.
Unloading 1517 Unused Serialized files (Serialized files now loaded: 0)
System memory in use before: 73.7 MB.
System memory in use after: 73.8 MB.

Unloading 12 unused Assets to reduce memory usage. Loaded Objects now: 2025.
Total: 1.949900 ms (FindLiveObjects: 0.262500 ms CreateObjectMapping: 0.053600 ms MarkObjects: 1.614600 ms  DeleteObjects: 0.018100 ms)

========================================================================
Received Prepare
Registering precompiled user dll's ...
Registered in 0.001572 seconds.
Begin MonoManager ReloadAssembly
Native extension for LinuxStandalone target not found
Native extension for WindowsStandalone target not found
Native extension for OSXStandalone target not found
Native extension for WebGL target not found
Refreshing native plugins compatible for Editor in 0.36 ms, found 1 plugins.
Preloading 0 native plugins for Editor in 0.00 ms.
Invoked RoslynAnalysisRunner static constructor.
RoslynAnalysisRunner will not be running.
RoslynAnalysisRunner has terminated.
Mono: successfully reloaded assembly
- Completed reload, in  0.879 seconds
Platform modules already initialized, skipping
Refreshing native plugins compatible for Editor in 0.38 ms, found 1 plugins.
Preloading 0 native plugins for Editor in 0.00 ms.
Unloading 1517 Unused Serialized files (Serialized files now loaded: 0)
System memory in use before: 73.8 MB.
System memory in use after: 73.9 MB.

Unloading 10 unused Assets to reduce memory usage. Loaded Objects now: 2027.
Total: 2.008900 ms (FindLiveObjects: 0.257600 ms CreateObjectMapping: 0.042100 ms MarkObjects: 1.685200 ms  DeleteObjects: 0.022700 ms)

========================================================================
Received Prepare
Registering precompiled user dll's ...
Registered in 0.001553 seconds.
Begin MonoManager ReloadAssembly
Native extension for LinuxStandalone target not found
Native extension for WindowsStandalone target not found
Native extension for OSXStandalone target not found
Native extension for WebGL target not found
Refreshing native plugins compatible for Editor in 0.48 ms, found 1 plugins.
Preloading 0 native plugins for Editor in 0.00 ms.
Invoked RoslynAnalysisRunner static constructor.
RoslynAnalysisRunner will not be running.
RoslynAnalysisRunner has terminated.
Mono: successfully reloaded assembly
- Completed reload, in  0.945 seconds
Platform modules already initialized, skipping
Refreshing native plugins compatible for Editor in 0.36 ms, found 1 plugins.
Preloading 0 native plugins for Editor in 0.00 ms.
Unloading 1517 Unused Serialized files (Serialized files now loaded: 0)
System memory in use before: 74.1 MB.
System memory in use after: 74.2 MB.

Unloading 10 unused Assets to reduce memory usage. Loaded Objects now: 2029.
Total: 2.528800 ms (FindLiveObjects: 0.278800 ms CreateObjectMapping: 0.051800 ms MarkObjects: 2.174100 ms  DeleteObjects: 0.022800 ms)

========================================================================
Received Import Request.
  Time since last request: 79.556384 seconds.
  path: Assets/PIPE.prefab
  artifactKey: Guid(b5b99f887b64dce448606f6f5306e9af) Importer(815301076,1909f56bfc062723c751e8b465ee728b)
Start importing Assets/PIPE.prefab using Guid(b5b99f887b64dce448606f6f5306e9af) Importer(815301076,1909f56bfc062723c751e8b465ee728b)  -> (artifact id: '3fe5400422247def1de46f1999155c59') in 0.061498 seconds
  Import took 0.064407 seconds .

========================================================================
Received Prepare
Registering precompiled user dll's ...
Registered in 0.002536 seconds.
Begin MonoManager ReloadAssembly
Native extension for LinuxStandalone target not found
Native extension for WindowsStandalone target not found
Native extension for OSXStandalone target not found
Native extension for WebGL target not found
Refreshing native plugins compatible for Editor in 0.40 ms, found 1 plugins.
Preloading 0 native plugins for Editor in 0.00 ms.
Invoked RoslynAnalysisRunner static constructor.
RoslynAnalysisRunner will not be running.
RoslynAnalysisRunner has terminated.
Mono: successfully reloaded assembly
- Completed reload, in  0.951 seconds
Platform modules already initialized, skipping
Refreshing native plugins compatible for Editor in 0.36 ms, found 1 plugins.
Preloading 0 native plugins for Editor in 0.00 ms.
Unloading 1517 Unused Serialized files (Serialized files now loaded: 0)
System memory in use before: 74.3 MB.
System memory in use after: 74.4 MB.

Unloading 10 unused Assets to reduce memory usage. Loaded Objects now: 2032.
Total: 2.329500 ms (FindLiveObjects: 0.277000 ms CreateObjectMapping: 0.052300 ms MarkObjects: 1.974800 ms  DeleteObjects: 0.023900 ms)

========================================================================
Received Import Request.
  Time since last request: 35.054077 seconds.
  path: Assets/PIPE.prefab
  artifactKey: Guid(b5b99f887b64dce448606f6f5306e9af) Importer(815301076,1909f56bfc062723c751e8b465ee728b)
Start importing Assets/PIPE.prefab using Guid(b5b99f887b64dce448606f6f5306e9af) Importer(815301076,1909f56bfc062723c751e8b465ee728b)  -> (artifact id: '3dbdb62770944622210e2456aacdd348') in 0.064832 seconds
  Import took 0.067964 seconds .

========================================================================
Received Prepare
Registering precompiled user dll's ...
Registered in 0.001185 seconds.
Begin MonoManager ReloadAssembly
Native extension for LinuxStandalone target not found
Native extension for WindowsStandalone target not found
Native extension for OSXStandalone target not found
Native extension for WebGL target not found
Refreshing native plugins compatible for Editor in 0.49 ms, found 1 plugins.
Preloading 0 native plugins for Editor in 0.00 ms.
Invoked RoslynAnalysisRunner static constructor.
RoslynAnalysisRunner will not be running.
RoslynAnalysisRunner has terminated.
Mono: successfully reloaded assembly
- Completed reload, in  1.039 seconds
Platform modules already initialized, skipping
Refreshing native plugins compatible for Editor in 0.59 ms, found 1 plugins.
Preloading 0 native plugins for Editor in 0.00 ms.
Unloading 1517 Unused Serialized files (Serialized files now loaded: 0)
System memory in use before: 74.5 MB.
System memory in use after: 74.6 MB.

Unloading 10 unused Assets to reduce memory usage. Loaded Objects now: 2035.
Total: 2.759200 ms (FindLiveObjects: 0.331100 ms CreateObjectMapping: 0.058600 ms MarkObjects: 2.341400 ms  DeleteObjects: 0.026300 ms)

AssetImportWorkerClient::OnTransportError - code=2 error=End of file
